t:\a\minifpc\tinyfpc\mfcfpc\mfcfpc\x64\release\mfcfpc.pch
t:\a\minifpc\tinyfpc\mfcfpc\mfcfpc\x64\release\vc143.pdb
t:\a\minifpc\tinyfpc\mfcfpc\mfcfpc\x64\release\pch.obj
t:\a\minifpc\tinyfpc\mfcfpc\mfcfpc\x64\release\mfcfpc.obj
t:\a\minifpc\tinyfpc\mfcfpc\x64\release\mfcfpc.dll
t:\a\minifpc\tinyfpc\mfcfpc\x64\release\mfcfpc.pdb
t:\a\minifpc\tinyfpc\mfcfpc\mfcfpc\x64\release\mfcfpc.res
t:\a\minifpc\tinyfpc\mfcfpc\x64\release\mfcfpc.lib
t:\a\minifpc\tinyfpc\mfcfpc\x64\release\mfcfpc.exp
t:\a\minifpc\tinyfpc\mfcfpc\mfcfpc\x64\release\mfcfpc.ipdb
t:\a\minifpc\tinyfpc\mfcfpc\mfcfpc\x64\release\mfcfpc.iobj
t:\a\minifpc\tinyfpc\mfcfpc\mfcfpc\x64\release\mfcfpc.tlog\cl.command.1.tlog
t:\a\minifpc\tinyfpc\mfcfpc\mfcfpc\x64\release\mfcfpc.tlog\cl.items.tlog
t:\a\minifpc\tinyfpc\mfcfpc\mfcfpc\x64\release\mfcfpc.tlog\cl.read.1.tlog
t:\a\minifpc\tinyfpc\mfcfpc\mfcfpc\x64\release\mfcfpc.tlog\cl.write.1.tlog
t:\a\minifpc\tinyfpc\mfcfpc\mfcfpc\x64\release\mfcfpc.tlog\link.command.1.tlog
t:\a\minifpc\tinyfpc\mfcfpc\mfcfpc\x64\release\mfcfpc.tlog\link.read.1.tlog
t:\a\minifpc\tinyfpc\mfcfpc\mfcfpc\x64\release\mfcfpc.tlog\link.secondary.1.tlog
t:\a\minifpc\tinyfpc\mfcfpc\mfcfpc\x64\release\mfcfpc.tlog\link.write.1.tlog
t:\a\minifpc\tinyfpc\mfcfpc\mfcfpc\x64\release\mfcfpc.tlog\rc.command.1.tlog
t:\a\minifpc\tinyfpc\mfcfpc\mfcfpc\x64\release\mfcfpc.tlog\rc.read.1.tlog
t:\a\minifpc\tinyfpc\mfcfpc\mfcfpc\x64\release\mfcfpc.tlog\rc.write.1.tlog
